<?xml version="1.0" encoding="UTF-8"?>
<!-- Generated by org.testng.reporters.JUnitReportReporter -->
<testsuite hostname="Pratyush.local" name="com.bsb.hike.ios.tests.settings.SettingsPageElements" tests="1" failures="0" timestamp="11 Jun 2015 11:33:39 GMT" time="26.215" errors="0">
  <testcase name="test001_goToSettingsPage" time="26.215" classname="com.bsb.hike.ios.tests.settings.SettingsPageElements"/>
</testsuite> <!-- com.bsb.hike.ios.tests.settings.SettingsPageElements -->
