<?xml version="1.0" encoding="UTF-8"?>
<!-- Generated by org.testng.reporters.JUnitReportReporter -->
<testsuite hostname="Pratyush.local" name="com.bsb.hike.ios.tests.settings.SystemHealth" tests="1" failures="0" timestamp="11 Jun 2015 11:32:21 GMT" time="31.383" errors="0">
  <testcase name="test001_CheckSystemHealth" time="31.383" classname="com.bsb.hike.ios.tests.settings.SystemHealth"/>
</testsuite> <!-- com.bsb.hike.ios.tests.settings.SystemHealth -->
