<?xml version="1.0" encoding="UTF-8"?>
<!-- Generated by org.testng.reporters.JUnitReportReporter -->
<testsuite hostname="Pratyush.local" name="com.bsb.hike.ios.tests.settings.FreeSMSToIndia" tests="11" failures="0" timestamp="11 Jun 2015 11:25:56 GMT" time="282.332" errors="1">
  <testcase name="test011_ValidateInFavoritesTab" time="44.948" classname="com.bsb.hike.ios.tests.settings.FreeSMSToIndia"/>
  <testcase name="test008_DisableFreeSMSAndCheck" time="32.581" classname="com.bsb.hike.ios.tests.settings.FreeSMSToIndia">
    <error type="java.lang.AssertionError" message="SMS contacts tab appeared even when free sms is turned off expected [false] but found [true]">
      <![CDATA[java.lang.AssertionError: SMS contacts tab appeared even when free sms is turned off expected [false] but found [true]
	at org.testng.Assert.fail(Assert.java:94)
	at org.testng.Assert.failNotEquals(Assert.java:494)
	at org.testng.Assert.assertFalse(Assert.java:63)
	at com.bsb.hike.ios.tests.settings.FreeSMSToIndia.test008_DisableFreeSMSAndCheck(FreeSMSToIndia.java:155)
	at sun.reflect.NativeMethodAccessorImpl.invoke0(Native Method)
	at sun.reflect.NativeMethodAccessorImpl.invoke(NativeMethodAccessorImpl.java:62)
	at sun.reflect.DelegatingMethodAccessorImpl.invoke(DelegatingMethodAccessorImpl.java:43)
	at java.lang.reflect.Method.invoke(Method.java:497)
	at org.testng.internal.MethodInvocationHelper.invokeMethod(MethodInvocationHelper.java:84)
	at org.testng.internal.Invoker.invokeMethod(Invoker.java:714)
	at org.testng.internal.Invoker.invokeTestMethod(Invoker.java:901)
	at org.testng.internal.Invoker.invokeTestMethods(Invoker.java:1231)
	at org.testng.internal.TestMethodWorker.invokeTestMethods(TestMethodWorker.java:127)
	at org.testng.internal.TestMethodWorker.run(TestMethodWorker.java:111)
	at org.testng.TestRunner.privateRun(TestRunner.java:767)
	at org.testng.TestRunner.run(TestRunner.java:617)
	at org.testng.SuiteRunner.runTest(SuiteRunner.java:334)
	at org.testng.SuiteRunner.runSequentially(SuiteRunner.java:329)
	at org.testng.SuiteRunner.privateRun(SuiteRunner.java:291)
	at org.testng.SuiteRunner.run(SuiteRunner.java:240)
	at org.testng.SuiteRunnerWorker.runSuite(SuiteRunnerWorker.java:52)
	at org.testng.SuiteRunnerWorker.run(SuiteRunnerWorker.java:86)
	at org.testng.TestNG.runSuitesSequentially(TestNG.java:1224)
	at org.testng.TestNG.runSuitesLocally(TestNG.java:1149)
	at org.testng.TestNG.run(TestNG.java:1057)
	at org.testng.remote.RemoteTestNG.run(RemoteTestNG.java:111)
	at org.testng.remote.RemoteTestNG.initAndRun(RemoteTestNG.java:204)
	at org.testng.remote.RemoteTestNG.main(RemoteTestNG.java:175)
]]>
    </error>
  </testcase> <!-- test008_DisableFreeSMSAndCheck -->
  <testcase name="test005_HikeToSMS" time="27.045" classname="com.bsb.hike.ios.tests.settings.FreeSMSToIndia"/>
  <testcase name="test006_ValidateInFavoritesTab" time="31.933" classname="com.bsb.hike.ios.tests.settings.FreeSMSToIndia"/>
  <testcase name="test001_FreeSMSToIndiaButton" time="15.440" classname="com.bsb.hike.ios.tests.settings.FreeSMSToIndia"/>
  <testcase name="test003_WhenEnableCase" time="43.092" classname="com.bsb.hike.ios.tests.settings.FreeSMSToIndia"/>
  <testcase name="test010_InviteToSMSOff" time="29.972" classname="com.bsb.hike.ios.tests.settings.FreeSMSToIndia"/>
  <testcase name="test007_ValidateInChatsTab" time="0.000" classname="com.bsb.hike.ios.tests.settings.FreeSMSToIndia"/>
  <testcase name="test002_DefaultOnForIndian" time="2.483" classname="com.bsb.hike.ios.tests.settings.FreeSMSToIndia"/>
  <testcase name="test009_ValidateInGroupChat" time="24.289" classname="com.bsb.hike.ios.tests.settings.FreeSMSToIndia"/>
  <testcase name="test004_InviteSMSUsers" time="30.549" classname="com.bsb.hike.ios.tests.settings.FreeSMSToIndia"/>
</testsuite> <!-- com.bsb.hike.ios.tests.settings.FreeSMSToIndia -->
