<?xml version="1.0" encoding="UTF-8"?>
<!-- Generated by org.testng.reporters.JUnitReportReporter -->
<testsuite hostname="Pratyush.local" name="com.bsb.hike.ios.tests.stealth.InitialSanity" tests="1" failures="0" timestamp="29 Jun 2015 06:38:19 GMT" time="130.318" errors="0">
  <testcase name="test004_MarkAChatAsHidden" time="130.318" classname="com.bsb.hike.ios.tests.stealth.InitialSanity"/>
</testsuite> <!-- com.bsb.hike.ios.tests.stealth.InitialSanity -->
