<?xml version="1.0" encoding="UTF-8"?>
<!-- Generated by org.testng.reporters.JUnitReportReporter -->
<testsuite hostname="Pratyush.local" name="com.bsb.hike.ios.tests.settings.DeleteAccount" tests="5" failures="0" timestamp="11 Jun 2015 11:16:22 GMT" time="197.580" errors="0">
  <testcase name="test004_ConfirmDeletion" time="141.502" classname="com.bsb.hike.ios.tests.settings.DeleteAccount"/>
  <testcase name="test002_TapOnDeleteAccount" time="6.491" classname="com.bsb.hike.ios.tests.settings.DeleteAccount"/>
  <testcase name="test005_VerifySettingsPersist" time="26.193" classname="com.bsb.hike.ios.tests.settings.DeleteAccount"/>
  <testcase name="test001_VerifyDeleteTab" time="17.985" classname="com.bsb.hike.ios.tests.settings.DeleteAccount"/>
  <testcase name="test003_CancelDeletion" time="5.409" classname="com.bsb.hike.ios.tests.settings.DeleteAccount"/>
</testsuite> <!-- com.bsb.hike.ios.tests.settings.DeleteAccount -->
