<?xml version="1.0" encoding="UTF-8"?>
<!-- Generated by org.testng.reporters.JUnitReportReporter -->
<testsuite hostname="Pratyush.local" name="com.bsb.hike.ios.tests.groupChat.AddMembersToGroup" tests="1" failures="0" timestamp="6 Jul 2015 10:46:37 GMT" time="242.556" errors="0">
  <testcase name="test002_OwnerAddsSMSUser" time="242.556" classname="com.bsb.hike.ios.tests.groupChat.AddMembersToGroup"/>
</testsuite> <!-- com.bsb.hike.ios.tests.groupChat.AddMembersToGroup -->
