<?xml version="1.0" encoding="UTF-8"?>
<!-- Generated by org.testng.reporters.JUnitReportReporter -->
<testsuite hostname="Pratyush.local" name="com.bsb.hike.ios.tests.settings.Contact" tests="1" failures="0" timestamp="11 Jun 2015 10:59:56 GMT" time="19.107" errors="0">
  <testcase name="test001_ValidateMailDraftElements" time="19.107" classname="com.bsb.hike.ios.tests.settings.Contact"/>
</testsuite> <!-- com.bsb.hike.ios.tests.settings.Contact -->
