<?xml version="1.0" encoding="UTF-8"?>
<!-- Generated by org.testng.reporters.JUnitReportReporter -->
<testsuite hostname="Pratyush.local" name="com.bsb.hike.ios.tests.settings.AccountPageInSettings" tests="3" failures="0" timestamp="10 Jun 2015 11:22:45 GMT" time="32.510" errors="0">
  <testcase name="test002_GoToAccountPage" time="13.941" classname="com.bsb.hike.ios.tests.settings.AccountPageInSettings"/>
  <testcase name="test001_AccountPageElements" time="12.646" classname="com.bsb.hike.ios.tests.settings.AccountPageInSettings"/>
  <testcase name="test003_GoBackToSettingsPage" time="5.923" classname="com.bsb.hike.ios.tests.settings.AccountPageInSettings"/>
</testsuite> <!-- com.bsb.hike.ios.tests.settings.AccountPageInSettings -->
