<?xml version="1.0" encoding="UTF-8"?>
<!-- Generated by org.testng.reporters.JUnitReportReporter -->
<testsuite hostname="Pratyush.local" name="com.bsb.hike.ios.tests.stealth.Tester" tests="1" failures="0" timestamp="9 Jun 2015 08:24:55 GMT" time="110.655" errors="0">
  <testcase name="test" time="110.655" classname="com.bsb.hike.ios.tests.stealth.Tester"/>
</testsuite> <!-- com.bsb.hike.ios.tests.stealth.Tester -->
