<?xml version="1.0" encoding="UTF-8"?>
<!-- Generated by org.testng.reporters.JUnitReportReporter -->
<testsuite hostname="Pratyush.local" name="com.bsb.hike.ios.tests.settings.FAQ" tests="3" failures="0" timestamp="11 Jun 2015 11:20:31 GMT" time="23.117" errors="0">
  <testcase name="test001_ValidateFAQScreen" time="13.371" classname="com.bsb.hike.ios.tests.settings.FAQ"/>
  <testcase name="test002_ScrollToEndOfPage" time="5.582" classname="com.bsb.hike.ios.tests.settings.FAQ"/>
  <testcase name="test003_GoBackToSettings" time="4.164" classname="com.bsb.hike.ios.tests.settings.FAQ"/>
</testsuite> <!-- com.bsb.hike.ios.tests.settings.FAQ -->
