<?xml version="1.0" encoding="UTF-8"?>
<!-- Generated by org.testng.reporters.JUnitReportReporter -->
<testsuite hostname="Pratyush.local" name="com.bsb.hike.ios.tests.groupChat.GroupChatEvents" tests="1" failures="0" timestamp="6 Jul 2015 07:58:51 GMT" time="11.114" errors="0">
  <testcase name="test006_ServerGroupChatCreation" time="11.114" classname="com.bsb.hike.ios.tests.groupChat.GroupChatEvents"/>
</testsuite> <!-- com.bsb.hike.ios.tests.groupChat.GroupChatEvents -->
