<?xml version="1.0" encoding="UTF-8"?>
<!-- Generated by org.testng.reporters.JUnitReportReporter -->
<testsuite hostname="Pratyush.local" name="com.bsb.hike.ios.tests.groupChat.AddToContactsFromGCInfo" tests="1" failures="0" timestamp="7 Jul 2015 06:16:42 GMT" time="37.546" errors="0">
  <testcase name="test002_AddToContacts" time="37.546" classname="com.bsb.hike.ios.tests.groupChat.AddToContactsFromGCInfo"/>
</testsuite> <!-- com.bsb.hike.ios.tests.groupChat.AddToContactsFromGCInfo -->
