<?xml version="1.0" encoding="UTF-8"?>
<!-- Generated by org.testng.reporters.JUnitReportReporter -->
<testsuite hostname="Pratyush.local" name="com.bsb.hike.ios.tests.stealth.SettingUpWrongPassword" tests="1" failures="0" timestamp="15 Jun 2015 06:33:52 GMT" time="197.826" errors="0">
  <testcase name="test001_ResetAppToRemoveStealthSetup" time="197.826" classname="com.bsb.hike.ios.tests.stealth.SettingUpWrongPassword"/>
</testsuite> <!-- com.bsb.hike.ios.tests.stealth.SettingUpWrongPassword -->
