<?xml version="1.0" encoding="UTF-8"?>
<!-- Generated by org.testng.reporters.JUnitReportReporter -->
<testsuite hostname="Pratyush.local" name="com.bsb.hike.ios.tests.groupChat.LeaveGroupAndDeleteChatThread" tests="3" failures="0" timestamp="7 Jul 2015 09:34:51 GMT" time="90.185" errors="0">
  <testcase name="test001_LeaveGroupCancelValidate" time="23.739" classname="com.bsb.hike.ios.tests.groupChat.LeaveGroupAndDeleteChatThread"/>
  <testcase name="test003_GCOwnerLeaveGroup" time="19.330" classname="com.bsb.hike.ios.tests.groupChat.LeaveGroupAndDeleteChatThread"/>
  <testcase name="test002_GCParticipantLeaveGroup" time="47.116" classname="com.bsb.hike.ios.tests.groupChat.LeaveGroupAndDeleteChatThread"/>
</testsuite> <!-- com.bsb.hike.ios.tests.groupChat.LeaveGroupAndDeleteChatThread -->
