<?xml version="1.0" encoding="UTF-8"?>
<!-- Generated by org.testng.reporters.JUnitReportReporter -->
<testsuite hostname="Pratyush.local" name="com.bsb.hike.ios.tests.groupChat.GroupChatThreadCreation" tests="1" failures="0" timestamp="18 Jun 2015 06:32:46 GMT" time="33.529" errors="0">
  <testcase name="test007_ComposeMessage" time="33.529" classname="com.bsb.hike.ios.tests.groupChat.GroupChatThreadCreation"/>
</testsuite> <!-- com.bsb.hike.ios.tests.groupChat.GroupChatThreadCreation -->
