<?xml version="1.0" encoding="UTF-8"?>
<!-- Generated by org.testng.reporters.JUnitReportReporter -->
<testsuite hostname="Pratyush.local" name="com.bsb.hike.ios.tests.CreateHikeUser" tests="1" failures="0" timestamp="22 Jun 2015 06:29:04 GMT" time="13.203" errors="0">
  <testcase name="test001" time="13.203" classname="com.bsb.hike.ios.tests.CreateHikeUser"/>
</testsuite> <!-- com.bsb.hike.ios.tests.CreateHikeUser -->
