<?xml version="1.0" encoding="UTF-8"?>
<!-- Generated by org.testng.reporters.JUnitReportReporter -->
<testsuite hostname="Pratyush.local" name="com.bsb.hike.ios.tests.groupChat.BlockOrUnblockUser" tests="3" failures="0" timestamp="6 Jul 2015 12:54:21 GMT" time="160.464" errors="0">
  <testcase name="test003_BlockUserFromGroup" time="89.316" classname="com.bsb.hike.ios.tests.groupChat.BlockOrUnblockUser"/>
  <testcase name="test001_BlockAUser" time="61.711" classname="com.bsb.hike.ios.tests.groupChat.BlockOrUnblockUser"/>
  <testcase name="test002_UnblockUser" time="9.437" classname="com.bsb.hike.ios.tests.groupChat.BlockOrUnblockUser"/>
</testsuite> <!-- com.bsb.hike.ios.tests.groupChat.BlockOrUnblockUser -->
