<?xml version="1.0" encoding="UTF-8"?>
<!-- Generated by org.testng.reporters.JUnitReportReporter -->
<testsuite hostname="Pratyush.local" name="com.bsb.hike.ios.tests.settings.BlockedListTests" tests="8" failures="0" timestamp="11 Jun 2015 10:50:46 GMT" time="330.770" errors="1">
  <testcase name="test007_BlockMultipleContacts" time="38.278" classname="com.bsb.hike.ios.tests.settings.BlockedListTests"/>
  <testcase name="test006_BlockUnsavedContact" time="124.145" classname="com.bsb.hike.ios.tests.settings.BlockedListTests"/>
  <testcase name="test001_ValidateBlockedListPageHeader" time="16.558" classname="com.bsb.hike.ios.tests.settings.BlockedListTests"/>
  <testcase name="test008_UnblockContact" time="31.537" classname="com.bsb.hike.ios.tests.settings.BlockedListTests"/>
  <testcase name="test003_AddContactToBlockListCancel" time="22.278" classname="com.bsb.hike.ios.tests.settings.BlockedListTests">
    <error type="java.lang.AssertionError" message="The red button did not get activated for the user tapped to block. expected [1] but found []">
      <![CDATA[java.lang.AssertionError: The red button did not get activated for the user tapped to block. expected [1] but found []
	at org.testng.Assert.fail(Assert.java:94)
	at org.testng.Assert.failNotEquals(Assert.java:494)
	at org.testng.Assert.assertEquals(Assert.java:123)
	at org.testng.Assert.assertEquals(Assert.java:176)
	at com.bsb.hike.ios.tests.settings.BlockedListTests.test003_AddContactToBlockListCancel(BlockedListTests.java:83)
	at sun.reflect.NativeMethodAccessorImpl.invoke0(Native Method)
	at sun.reflect.NativeMethodAccessorImpl.invoke(NativeMethodAccessorImpl.java:62)
	at sun.reflect.DelegatingMethodAccessorImpl.invoke(DelegatingMethodAccessorImpl.java:43)
	at java.lang.reflect.Method.invoke(Method.java:497)
	at org.testng.internal.MethodInvocationHelper.invokeMethod(MethodInvocationHelper.java:84)
	at org.testng.internal.Invoker.invokeMethod(Invoker.java:714)
	at org.testng.internal.Invoker.invokeTestMethod(Invoker.java:901)
	at org.testng.internal.Invoker.invokeTestMethods(Invoker.java:1231)
	at org.testng.internal.TestMethodWorker.invokeTestMethods(TestMethodWorker.java:127)
	at org.testng.internal.TestMethodWorker.run(TestMethodWorker.java:111)
	at org.testng.TestRunner.privateRun(TestRunner.java:767)
	at org.testng.TestRunner.run(TestRunner.java:617)
	at org.testng.SuiteRunner.runTest(SuiteRunner.java:334)
	at org.testng.SuiteRunner.runSequentially(SuiteRunner.java:329)
	at org.testng.SuiteRunner.privateRun(SuiteRunner.java:291)
	at org.testng.SuiteRunner.run(SuiteRunner.java:240)
	at org.testng.SuiteRunnerWorker.runSuite(SuiteRunnerWorker.java:52)
	at org.testng.SuiteRunnerWorker.run(SuiteRunnerWorker.java:86)
	at org.testng.TestNG.runSuitesSequentially(TestNG.java:1224)
	at org.testng.TestNG.runSuitesLocally(TestNG.java:1149)
	at org.testng.TestNG.run(TestNG.java:1057)
	at org.testng.remote.RemoteTestNG.run(RemoteTestNG.java:111)
	at org.testng.remote.RemoteTestNG.initAndRun(RemoteTestNG.java:204)
	at org.testng.remote.RemoteTestNG.main(RemoteTestNG.java:175)
]]>
    </error>
  </testcase> <!-- test003_AddContactToBlockListCancel -->
  <testcase name="test005_BlockAContact" time="65.481" classname="com.bsb.hike.ios.tests.settings.BlockedListTests"/>
  <testcase name="test002_TapOnBlockList" time="2.414" classname="com.bsb.hike.ios.tests.settings.BlockedListTests"/>
  <testcase name="test004_ReopenBlockListAndCancel" time="30.079" classname="com.bsb.hike.ios.tests.settings.BlockedListTests"/>
</testsuite> <!-- com.bsb.hike.ios.tests.settings.BlockedListTests -->
